The system is: Linux - sh: 0: getcwd() failed: No such file or directory
4.4.0-17763-Microsoft - sh: 0: getcwd() failed: No such file or directory
x86_64
Determining if the C compiler works passed with the following output:
Change Dir: /home/xiaolei/leetCode/build/CMakeFiles/CMakeTmp

Run Build Command:"/usr/bin/make" "cmTC_d42dc/fast"
/usr/bin/make -f CMakeFiles/cmTC_d42dc.dir/build.make CMakeFiles/cmTC_d42dc.dir/build
make[1]: Entering directory '/home/xiaolei/leetCode/build/CMakeFiles/CMakeTmp'
Building C object CMakeFiles/cmTC_d42dc.dir/testCCompiler.c.o
/usr/bin/x86_64-linux-gnu-gcc-7    -o CMakeFiles/cmTC_d42dc.dir/testCCompiler.c.o   -c /home/xiaolei/leetCode/build/CMakeFiles/CMakeTmp/testCCompiler.c
Linking C executable cmTC_d42dc
/usr/bin/cmake -E cmake_link_script CMakeFiles/cmTC_d42dc.dir/link.txt --verbose=1
/usr/bin/x86_64-linux-gnu-gcc-7      CMakeFiles/cmTC_d42dc.dir/testCCompiler.c.o  -o cmTC_d42dc 
make[1]: Leaving directory '/home/xiaolei/leetCode/build/CMakeFiles/CMakeTmp'


Detecting C compiler ABI info compiled with the following output:
Change Dir: /home/xiaolei/leetCode/build/CMakeFiles/CMakeTmp

Run Build Command:"/usr/bin/make" "cmTC_16253/fast"
/usr/bin/make -f CMakeFiles/cmTC_16253.dir/build.make CMakeFiles/cmTC_16253.dir/build
make[1]: Entering directory '/home/xiaolei/leetCode/build/CMakeFiles/CMakeTmp'
Building C object CMakeFiles/cmTC_16253.dir/CMakeCCompilerABI.c.o
/usr/bin/x86_64-linux-gnu-gcc-7    -o CMakeFiles/cmTC_16253.dir/CMakeCCompilerABI.c.o   -c /usr/share/cmake-3.10/Modules/CMakeCCompilerABI.c
Linking C executable cmTC_16253
/usr/bin/cmake -E cmake_link_script CMakeFiles/cmTC_16253.dir/link.txt --verbose=1
/usr/bin/x86_64-linux-gnu-gcc-7      CMakeFiles/cmTC_16253.dir/CMakeCCompilerABI.c.o  -o cmTC_16253 
make[1]: Leaving directory '/home/xiaolei/leetCode/build/CMakeFiles/CMakeTmp'


Determining if the CXX compiler works passed with the following output:
Change Dir: /home/xiaolei/leetCode/build/CMakeFiles/CMakeTmp

Run Build Command:"/usr/bin/make" "cmTC_e0f94/fast"
/usr/bin/make -f CMakeFiles/cmTC_e0f94.dir/build.make CMakeFiles/cmTC_e0f94.dir/build
make[1]: Entering directory '/home/xiaolei/leetCode/build/CMakeFiles/CMakeTmp'
Building CXX object CMakeFiles/cmTC_e0f94.dir/testCXXCompiler.cxx.o
/usr/bin/x86_64-linux-gnu-g++-7     -o CMakeFiles/cmTC_e0f94.dir/testCXXCompiler.cxx.o -c /home/xiaolei/leetCode/build/CMakeFiles/CMakeTmp/testCXXCompiler.cxx
Linking CXX executable cmTC_e0f94
/usr/bin/cmake -E cmake_link_script CMakeFiles/cmTC_e0f94.dir/link.txt --verbose=1
/usr/bin/x86_64-linux-gnu-g++-7       CMakeFiles/cmTC_e0f94.dir/testCXXCompiler.cxx.o  -o cmTC_e0f94 
make[1]: Leaving directory '/home/xiaolei/leetCode/build/CMakeFiles/CMakeTmp'


Detecting CXX compiler ABI info compiled with the following output:
Change Dir: /home/xiaolei/leetCode/build/CMakeFiles/CMakeTmp

Run Build Command:"/usr/bin/make" "cmTC_7e325/fast"
/usr/bin/make -f CMakeFiles/cmTC_7e325.dir/build.make CMakeFiles/cmTC_7e325.dir/build
make[1]: Entering directory '/home/xiaolei/leetCode/build/CMakeFiles/CMakeTmp'
Building CXX object CMakeFiles/cmTC_7e325.dir/CMakeCXXCompilerABI.cpp.o
/usr/bin/x86_64-linux-gnu-g++-7     -o CMakeFiles/cmTC_7e325.dir/CMakeCXXCompilerABI.cpp.o -c /usr/share/cmake-3.10/Modules/CMakeCXXCompilerABI.cpp
Linking CXX executable cmTC_7e325
/usr/bin/cmake -E cmake_link_script CMakeFiles/cmTC_7e325.dir/link.txt --verbose=1
/usr/bin/x86_64-linux-gnu-g++-7       CMakeFiles/cmTC_7e325.dir/CMakeCXXCompilerABI.cpp.o  -o cmTC_7e325 
make[1]: Leaving directory '/home/xiaolei/leetCode/build/CMakeFiles/CMakeTmp'


